{"/Users/Lucas/Desktop/Practise/star-wars-universe-api/src/app.controller.ts": {"path":"/Users/Lucas/Desktop/Practise/star-wars-universe-api/src/app.controller.ts","statementMap":{"0":{"start":{"line":1,"column":0},"end":{"line":1,"column":49}},"1":{"start":{"line":2,"column":0},"end":{"line":2,"column":43}},"2":{"start":{"line":5,"column":7},"end":{"line":12,"column":null}},"3":{"start":{"line":6,"column":31},"end":{"line":6,"column":43}},"4":{"start":{"line":10,"column":4},"end":{"line":10,"column":38}},"5":{"start":{"line":8,"column":2},"end":{"line":11,"column":null}},"6":{"start":{"line":5,"column":13},"end":{"line":12,"column":null}},"7":{"start":{"line":5,"column":13},"end":{"line":5,"column":26}}},"fnMap":{"0":{"name":"(anonymous_2)","decl":{"start":{"line":6,"column":2},"end":{"line":6,"column":31}},"loc":{"start":{"line":6,"column":53},"end":{"line":6,"column":57}}},"1":{"name":"(anonymous_3)","decl":{"start":{"line":9,"column":2},"end":{"line":9,"column":10}},"loc":{"start":{"line":9,"column":10},"end":{"line":11,"column":3}}}},"branchMap":{},"s":{"0":1,"1":1,"2":1,"3":1,"4":1,"5":1,"6":1,"7":1},"f":{"0":1,"1":1},"b":{}}
,"/Users/Lucas/Desktop/Practise/star-wars-universe-api/src/app.module.ts": {"path":"/Users/Lucas/Desktop/Practise/star-wars-universe-api/src/app.module.ts","statementMap":{"0":{"start":{"line":1,"column":0},"end":{"line":1,"column":40}},"1":{"start":{"line":2,"column":0},"end":{"line":2,"column":49}},"2":{"start":{"line":3,"column":0},"end":{"line":3,"column":43}},"3":{"start":{"line":4,"column":0},"end":{"line":4,"column":54}},"4":{"start":{"line":5,"column":0},"end":{"line":5,"column":63}},"5":{"start":{"line":6,"column":0},"end":{"line":6,"column":60}},"6":{"start":{"line":7,"column":0},"end":{"line":7,"column":48}},"7":{"start":{"line":8,"column":0},"end":{"line":8,"column":57}},"8":{"start":{"line":9,"column":0},"end":{"line":9,"column":63}},"9":{"start":{"line":10,"column":0},"end":{"line":10,"column":66}},"10":{"start":{"line":29,"column":7},"end":{"line":29,"column":null}},"11":{"start":{"line":29,"column":13},"end":{"line":29,"column":null}},"12":{"start":{"line":29,"column":13},"end":{"line":29,"column":22}}},"fnMap":{},"branchMap":{},"s":{"0":0,"1":0,"2":0,"3":0,"4":0,"5":0,"6":0,"7":0,"8":0,"9":0,"10":0,"11":0,"12":0},"f":{},"b":{}}
,"/Users/Lucas/Desktop/Practise/star-wars-universe-api/src/app.service.ts": {"path":"/Users/Lucas/Desktop/Practise/star-wars-universe-api/src/app.service.ts","statementMap":{"0":{"start":{"line":1,"column":0},"end":{"line":1,"column":44}},"1":{"start":{"line":4,"column":7},"end":{"line":8,"column":null}},"2":{"start":{"line":6,"column":4},"end":{"line":6,"column":26}},"3":{"start":{"line":4,"column":13},"end":{"line":8,"column":null}},"4":{"start":{"line":4,"column":13},"end":{"line":4,"column":23}}},"fnMap":{"0":{"name":"(anonymous_1)","decl":{"start":{"line":5,"column":2},"end":{"line":5,"column":10}},"loc":{"start":{"line":5,"column":10},"end":{"line":7,"column":3}}}},"branchMap":{},"s":{"0":1,"1":1,"2":1,"3":1,"4":1},"f":{"0":1},"b":{}}
,"/Users/Lucas/Desktop/Practise/star-wars-universe-api/src/main.ts": {"path":"/Users/Lucas/Desktop/Practise/star-wars-universe-api/src/main.ts","statementMap":{"0":{"start":{"line":1,"column":0},"end":{"line":1,"column":43}},"1":{"start":{"line":2,"column":0},"end":{"line":2,"column":41}},"2":{"start":{"line":5,"column":14},"end":{"line":5,"column":49}},"3":{"start":{"line":6,"column":2},"end":{"line":6,"column":25}},"4":{"start":{"line":8,"column":0},"end":{"line":8,"column":12}}},"fnMap":{"0":{"name":"bootstrap","decl":{"start":{"line":4,"column":15},"end":{"line":4,"column":24}},"loc":{"start":{"line":4,"column":24},"end":{"line":7,"column":1}}}},"branchMap":{},"s":{"0":0,"1":0,"2":0,"3":0,"4":0},"f":{"0":0},"b":{}}
,"/Users/Lucas/Desktop/Practise/star-wars-universe-api/src/character/character.controller.ts": {"path":"/Users/Lucas/Desktop/Practise/star-wars-universe-api/src/character/character.controller.ts","statementMap":{"0":{"start":{"line":1,"column":0},"end":{"line":1,"column":115}},"1":{"start":{"line":2,"column":0},"end":{"line":2,"column":55}},"2":{"start":{"line":3,"column":0},"end":{"line":3,"column":64}},"3":{"start":{"line":4,"column":0},"end":{"line":4,"column":64}},"4":{"start":{"line":7,"column":7},"end":{"line":64,"column":null}},"5":{"start":{"line":8,"column":31},"end":{"line":8,"column":49}},"6":{"start":{"line":12,"column":4},"end":{"line":12,"column":66}},"7":{"start":{"line":17,"column":4},"end":{"line":17,"column":49}},"8":{"start":{"line":22,"column":4},"end":{"line":22,"column":52}},"9":{"start":{"line":27,"column":4},"end":{"line":27,"column":71}},"10":{"start":{"line":32,"column":4},"end":{"line":32,"column":51}},"11":{"start":{"line":37,"column":4},"end":{"line":42,"column":null}},"12":{"start":{"line":38,"column":6},"end":{"line":38,"column":87}},"13":{"start":{"line":41,"column":6},"end":{"line":41,"column":69}},"14":{"start":{"line":47,"column":4},"end":{"line":53,"column":null}},"15":{"start":{"line":49,"column":6},"end":{"line":49,"column":68}},"16":{"start":{"line":52,"column":6},"end":{"line":52,"column":69}},"17":{"start":{"line":58,"column":4},"end":{"line":62,"column":null}},"18":{"start":{"line":59,"column":6},"end":{"line":59,"column":64}},"19":{"start":{"line":61,"column":6},"end":{"line":61,"column":69}},"20":{"start":{"line":11,"column":8},"end":{"line":13,"column":null}},"21":{"start":{"line":16,"column":8},"end":{"line":18,"column":null}},"22":{"start":{"line":21,"column":8},"end":{"line":23,"column":null}},"23":{"start":{"line":26,"column":8},"end":{"line":28,"column":null}},"24":{"start":{"line":31,"column":8},"end":{"line":33,"column":null}},"25":{"start":{"line":36,"column":8},"end":{"line":43,"column":null}},"26":{"start":{"line":46,"column":8},"end":{"line":54,"column":null}},"27":{"start":{"line":57,"column":8},"end":{"line":63,"column":null}},"28":{"start":{"line":7,"column":13},"end":{"line":64,"column":null}},"29":{"start":{"line":7,"column":13},"end":{"line":7,"column":32}}},"fnMap":{"0":{"name":"(anonymous_4)","decl":{"start":{"line":8,"column":2},"end":{"line":8,"column":31}},"loc":{"start":{"line":8,"column":65},"end":{"line":8,"column":69}}},"1":{"name":"(anonymous_5)","decl":{"start":{"line":11,"column":2},"end":{"line":11,"column":7}},"loc":{"start":{"line":11,"column":61},"end":{"line":13,"column":3}}},"2":{"name":"(anonymous_6)","decl":{"start":{"line":16,"column":2},"end":{"line":16,"column":7}},"loc":{"start":{"line":16,"column":15},"end":{"line":18,"column":3}}},"3":{"name":"(anonymous_7)","decl":{"start":{"line":21,"column":2},"end":{"line":21,"column":7}},"loc":{"start":{"line":21,"column":39},"end":{"line":23,"column":3}}},"4":{"name":"(anonymous_8)","decl":{"start":{"line":26,"column":2},"end":{"line":26,"column":7}},"loc":{"start":{"line":26,"column":86},"end":{"line":28,"column":3}}},"5":{"name":"(anonymous_9)","decl":{"start":{"line":31,"column":2},"end":{"line":31,"column":7}},"loc":{"start":{"line":31,"column":38},"end":{"line":33,"column":3}}},"6":{"name":"(anonymous_10)","decl":{"start":{"line":36,"column":2},"end":{"line":36,"column":7}},"loc":{"start":{"line":36,"column":82},"end":{"line":43,"column":3}}},"7":{"name":"(anonymous_11)","decl":{"start":{"line":46,"column":2},"end":{"line":46,"column":7}},"loc":{"start":{"line":46,"column":65},"end":{"line":54,"column":3}}},"8":{"name":"(anonymous_12)","decl":{"start":{"line":57,"column":2},"end":{"line":57,"column":7}},"loc":{"start":{"line":57,"column":45},"end":{"line":63,"column":3}}}},"branchMap":{},"s":{"0":1,"1":1,"2":1,"3":1,"4":1,"5":13,"6":2,"7":1,"8":1,"9":1,"10":1,"11":2,"12":2,"13":1,"14":2,"15":2,"16":1,"17":2,"18":2,"19":1,"20":1,"21":1,"22":1,"23":1,"24":1,"25":1,"26":1,"27":1,"28":1,"29":1},"f":{"0":13,"1":2,"2":1,"3":1,"4":1,"5":1,"6":2,"7":2,"8":2},"b":{}}
,"/Users/Lucas/Desktop/Practise/star-wars-universe-api/src/character/character.module.ts": {"path":"/Users/Lucas/Desktop/Practise/star-wars-universe-api/src/character/character.module.ts","statementMap":{"0":{"start":{"line":1,"column":0},"end":{"line":1,"column":40}},"1":{"start":{"line":2,"column":0},"end":{"line":2,"column":55}},"2":{"start":{"line":3,"column":0},"end":{"line":3,"column":61}},"3":{"start":{"line":4,"column":0},"end":{"line":4,"column":48}},"4":{"start":{"line":5,"column":0},"end":{"line":5,"column":56}},"5":{"start":{"line":6,"column":0},"end":{"line":6,"column":56}},"6":{"start":{"line":7,"column":0},"end":{"line":7,"column":62}},"7":{"start":{"line":14,"column":7},"end":{"line":14,"column":null}},"8":{"start":{"line":14,"column":13},"end":{"line":14,"column":null}},"9":{"start":{"line":14,"column":13},"end":{"line":14,"column":28}}},"fnMap":{},"branchMap":{},"s":{"0":0,"1":0,"2":0,"3":0,"4":0,"5":0,"6":0,"7":0,"8":0,"9":0},"f":{},"b":{}}
,"/Users/Lucas/Desktop/Practise/star-wars-universe-api/src/character/character.service.ts": {"path":"/Users/Lucas/Desktop/Practise/star-wars-universe-api/src/character/character.service.ts","statementMap":{"0":{"start":{"line":1,"column":0},"end":{"line":1,"column":63}},"1":{"start":{"line":2,"column":0},"end":{"line":2,"column":51}},"2":{"start":{"line":3,"column":0},"end":{"line":3,"column":57}},"3":{"start":{"line":4,"column":0},"end":{"line":4,"column":57}},"4":{"start":{"line":5,"column":0},"end":{"line":5,"column":63}},"5":{"start":{"line":6,"column":0},"end":{"line":6,"column":37}},"6":{"start":{"line":9,"column":0},"end":{"line":9,"column":56}},"7":{"start":{"line":12,"column":7},"end":{"line":88,"column":null}},"8":{"start":{"line":16,"column":12},"end":{"line":16,"column":33}},"9":{"start":{"line":17,"column":21},"end":{"line":17,"column":36}},"10":{"start":{"line":18,"column":21},"end":{"line":18,"column":38}},"11":{"start":{"line":23,"column":22},"end":{"line":23,"column":73}},"12":{"start":{"line":24,"column":4},"end":{"line":24,"column":58}},"13":{"start":{"line":28,"column":4},"end":{"line":28,"column":49}},"14":{"start":{"line":33,"column":22},"end":{"line":33,"column":83}},"15":{"start":{"line":34,"column":4},"end":{"line":36,"column":null}},"16":{"start":{"line":35,"column":6},"end":{"line":35,"column":69}},"17":{"start":{"line":37,"column":4},"end":{"line":37,"column":21}},"18":{"start":{"line":41,"column":4},"end":{"line":41,"column":66}},"19":{"start":{"line":42,"column":4},"end":{"line":42,"column":28}},"20":{"start":{"line":46,"column":4},"end":{"line":46,"column":46}},"21":{"start":{"line":50,"column":22},"end":{"line":50,"column":92}},"22":{"start":{"line":51,"column":4},"end":{"line":53,"column":null}},"23":{"start":{"line":52,"column":8},"end":{"line":52,"column":59}},"24":{"start":{"line":55,"column":19},"end":{"line":55,"column":67}},"25":{"start":{"line":56,"column":4},"end":{"line":58,"column":null}},"26":{"start":{"line":57,"column":6},"end":{"line":57,"column":54}},"27":{"start":{"line":60,"column":4},"end":{"line":60,"column":39}},"28":{"start":{"line":62,"column":4},"end":{"line":62,"column":58}},"29":{"start":{"line":66,"column":22},"end":{"line":66,"column":92}},"30":{"start":{"line":67,"column":4},"end":{"line":69,"column":null}},"31":{"start":{"line":68,"column":8},"end":{"line":68,"column":59}},"32":{"start":{"line":71,"column":21},"end":{"line":71,"column":67}},"33":{"start":{"line":72,"column":4},"end":{"line":74,"column":null}},"34":{"start":{"line":73,"column":8},"end":{"line":73,"column":58}},"35":{"start":{"line":76,"column":4},"end":{"line":76,"column":34}},"36":{"start":{"line":77,"column":4},"end":{"line":77,"column":52}},"37":{"start":{"line":81,"column":22},"end":{"line":81,"column":92}},"38":{"start":{"line":82,"column":4},"end":{"line":84,"column":null}},"39":{"start":{"line":83,"column":8},"end":{"line":83,"column":59}},"40":{"start":{"line":85,"column":4},"end":{"line":85,"column":30}},"41":{"start":{"line":86,"column":4},"end":{"line":86,"column":52}},"42":{"start":{"line":12,"column":13},"end":{"line":88,"column":null}},"43":{"start":{"line":12,"column":13},"end":{"line":12,"column":29}}},"fnMap":{"0":{"name":"(anonymous_4)","decl":{"start":{"line":14,"column":2},"end":{"line":14,"column":null}},"loc":{"start":{"line":18,"column":53},"end":{"line":19,"column":6}}},"1":{"name":"(anonymous_5)","decl":{"start":{"line":22,"column":2},"end":{"line":22,"column":7}},"loc":{"start":{"line":22,"column":53},"end":{"line":25,"column":3}}},"2":{"name":"(anonymous_6)","decl":{"start":{"line":27,"column":2},"end":{"line":27,"column":7}},"loc":{"start":{"line":27,"column":15},"end":{"line":29,"column":3}}},"3":{"name":"(anonymous_7)","decl":{"start":{"line":31,"column":2},"end":{"line":31,"column":7}},"loc":{"start":{"line":31,"column":26},"end":{"line":38,"column":3}}},"4":{"name":"(anonymous_8)","decl":{"start":{"line":40,"column":2},"end":{"line":40,"column":7}},"loc":{"start":{"line":40,"column":65},"end":{"line":43,"column":3}}},"5":{"name":"(anonymous_9)","decl":{"start":{"line":45,"column":2},"end":{"line":45,"column":7}},"loc":{"start":{"line":45,"column":25},"end":{"line":47,"column":3}}},"6":{"name":"(anonymous_10)","decl":{"start":{"line":49,"column":2},"end":{"line":49,"column":7}},"loc":{"start":{"line":49,"column":69},"end":{"line":63,"column":3}}},"7":{"name":"(anonymous_11)","decl":{"start":{"line":65,"column":2},"end":{"line":65,"column":7}},"loc":{"start":{"line":65,"column":61},"end":{"line":78,"column":3}}},"8":{"name":"(anonymous_12)","decl":{"start":{"line":80,"column":2},"end":{"line":80,"column":7}},"loc":{"start":{"line":80,"column":45},"end":{"line":87,"column":3}}}},"branchMap":{"0":{"loc":{"start":{"line":34,"column":4},"end":{"line":36,"column":null}},"type":"if","locations":[{"start":{"line":34,"column":4},"end":{"line":36,"column":null}}]},"1":{"loc":{"start":{"line":51,"column":4},"end":{"line":53,"column":null}},"type":"if","locations":[{"start":{"line":51,"column":4},"end":{"line":53,"column":null}}]},"2":{"loc":{"start":{"line":56,"column":4},"end":{"line":58,"column":null}},"type":"if","locations":[{"start":{"line":56,"column":4},"end":{"line":58,"column":null}}]},"3":{"loc":{"start":{"line":67,"column":4},"end":{"line":69,"column":null}},"type":"if","locations":[{"start":{"line":67,"column":4},"end":{"line":69,"column":null}}]},"4":{"loc":{"start":{"line":72,"column":4},"end":{"line":74,"column":null}},"type":"if","locations":[{"start":{"line":72,"column":4},"end":{"line":74,"column":null}}]},"5":{"loc":{"start":{"line":82,"column":4},"end":{"line":84,"column":null}},"type":"if","locations":[{"start":{"line":82,"column":4},"end":{"line":84,"column":null}}]}},"s":{"0":2,"1":2,"2":2,"3":2,"4":2,"5":2,"6":2,"7":2,"8":16,"9":16,"10":16,"11":2,"12":2,"13":1,"14":3,"15":3,"16":1,"17":2,"18":1,"19":1,"20":1,"21":3,"22":3,"23":1,"24":2,"25":2,"26":1,"27":1,"28":1,"29":3,"30":3,"31":1,"32":2,"33":2,"34":1,"35":1,"36":1,"37":2,"38":2,"39":1,"40":1,"41":1,"42":2,"43":2},"f":{"0":16,"1":2,"2":1,"3":3,"4":1,"5":1,"6":3,"7":3,"8":2},"b":{"0":[1],"1":[1],"2":[1],"3":[1],"4":[1],"5":[1]}}
,"/Users/Lucas/Desktop/Practise/star-wars-universe-api/src/character/dto/create-character.dto.ts": {"path":"/Users/Lucas/Desktop/Practise/star-wars-universe-api/src/character/dto/create-character.dto.ts","statementMap":{"0":{"start":{"line":3,"column":15},"end":{"line":3,"column":27}},"1":{"start":{"line":4,"column":15},"end":{"line":4,"column":30}},"2":{"start":{"line":5,"column":15},"end":{"line":5,"column":45}},"3":{"start":{"line":1,"column":0},"end":{"line":1,"column":13}}},"fnMap":{"0":{"name":"(anonymous_0)","decl":{"start":{"line":2,"column":4},"end":{"line":2,"column":null}},"loc":{"start":{"line":5,"column":45},"end":{"line":6,"column":9}}}},"branchMap":{},"s":{"0":0,"1":0,"2":0,"3":1},"f":{"0":0},"b":{}}
,"/Users/Lucas/Desktop/Practise/star-wars-universe-api/src/character/dto/update-character.dto.ts": {"path":"/Users/Lucas/Desktop/Practise/star-wars-universe-api/src/character/dto/update-character.dto.ts","statementMap":{"0":{"start":{"line":1,"column":0},"end":{"line":1,"column":51}},"1":{"start":{"line":2,"column":0},"end":{"line":2,"column":60}},"2":{"start":{"line":4,"column":0},"end":{"line":4,"column":13}}},"fnMap":{},"branchMap":{},"s":{"0":1,"1":1,"2":1},"f":{},"b":{}}
,"/Users/Lucas/Desktop/Practise/star-wars-universe-api/src/character/entities/character.entity.ts": {"path":"/Users/Lucas/Desktop/Practise/star-wars-universe-api/src/character/entities/character.entity.ts","statementMap":{"0":{"start":{"line":1,"column":0},"end":{"line":1,"column":67}},"1":{"start":{"line":2,"column":0},"end":{"line":2,"column":88}},"2":{"start":{"line":3,"column":0},"end":{"line":3,"column":61}},"3":{"start":{"line":6,"column":7},"end":{"line":40,"column":null}},"4":{"start":{"line":34,"column":8},"end":{"line":34,"column":25}},"5":{"start":{"line":35,"column":8},"end":{"line":35,"column":31}},"6":{"start":{"line":36,"column":8},"end":{"line":36,"column":59}},"7":{"start":{"line":37,"column":8},"end":{"line":37,"column":47}},"8":{"start":{"line":38,"column":8},"end":{"line":38,"column":33}},"9":{"start":{"line":8,"column":4},"end":{"line":9,"column":null}},"10":{"start":{"line":11,"column":4},"end":{"line":12,"column":null}},"11":{"start":{"line":14,"column":4},"end":{"line":15,"column":null}},"12":{"start":{"line":17,"column":4},"end":{"line":18,"column":null}},"13":{"start":{"line":20,"column":4},"end":{"line":22,"column":null}},"14":{"start":{"line":20,"column":21},"end":{"line":20,"column":27}},"15":{"start":{"line":20,"column":39},"end":{"line":20,"column":45}},"16":{"start":{"line":24,"column":4},"end":{"line":25,"column":null}},"17":{"start":{"line":24,"column":23},"end":{"line":24,"column":31}},"18":{"start":{"line":24,"column":45},"end":{"line":24,"column":64}},"19":{"start":{"line":6,"column":13},"end":{"line":40,"column":null}},"20":{"start":{"line":6,"column":13},"end":{"line":6,"column":22}}},"fnMap":{"0":{"name":"(anonymous_2)","decl":{"start":{"line":27,"column":4},"end":{"line":27,"column":null}},"loc":{"start":{"line":32,"column":26},"end":{"line":39,"column":5}}},"1":{"name":"(anonymous_3)","decl":{"start":{"line":20,"column":15},"end":{"line":20,"column":18}},"loc":{"start":{"line":20,"column":21},"end":{"line":20,"column":27}}},"2":{"name":"(anonymous_4)","decl":{"start":{"line":20,"column":29},"end":{"line":20,"column":35}},"loc":{"start":{"line":20,"column":39},"end":{"line":20,"column":45}}},"3":{"name":"(anonymous_5)","decl":{"start":{"line":24,"column":15},"end":{"line":24,"column":19}},"loc":{"start":{"line":24,"column":23},"end":{"line":24,"column":31}}},"4":{"name":"(anonymous_6)","decl":{"start":{"line":24,"column":33},"end":{"line":24,"column":41}},"loc":{"start":{"line":24,"column":45},"end":{"line":24,"column":64}}}},"branchMap":{},"s":{"0":4,"1":4,"2":4,"3":4,"4":0,"5":0,"6":0,"7":0,"8":0,"9":4,"10":4,"11":4,"12":4,"13":4,"14":0,"15":0,"16":4,"17":0,"18":0,"19":4,"20":4},"f":{"0":0,"1":0,"2":0,"3":0,"4":0},"b":{}}
,"/Users/Lucas/Desktop/Practise/star-wars-universe-api/src/helpers/errorMessages.ts": {"path":"/Users/Lucas/Desktop/Practise/star-wars-universe-api/src/helpers/errorMessages.ts","statementMap":{"0":{"start":{"line":1,"column":0},"end":{"line":1,"column":13}},"1":{"start":{"line":2,"column":27},"end":{"line":2,"column":69}},"2":{"start":{"line":3,"column":27},"end":{"line":3,"column":71}},"3":{"start":{"line":4,"column":27},"end":{"line":4,"column":65}}},"fnMap":{},"branchMap":{},"s":{"0":4,"1":4,"2":4,"3":4},"f":{},"b":{}}
,"/Users/Lucas/Desktop/Practise/star-wars-universe-api/src/helpers/testData.ts": {"path":"/Users/Lucas/Desktop/Practise/star-wars-universe-api/src/helpers/testData.ts","statementMap":{"0":{"start":{"line":1,"column":13},"end":{"line":21,"column":2}},"1":{"start":{"line":23,"column":13},"end":{"line":39,"column":2}},"2":{"start":{"line":41,"column":13},"end":{"line":52,"column":2}},"3":{"start":{"line":55,"column":13},"end":{"line":61,"column":2}},"4":{"start":{"line":63,"column":13},"end":{"line":69,"column":2}},"5":{"start":{"line":71,"column":13},"end":{"line":77,"column":2}}},"fnMap":{},"branchMap":{},"s":{"0":4,"1":4,"2":4,"3":4,"4":4,"5":4},"f":{},"b":{}}
,"/Users/Lucas/Desktop/Practise/star-wars-universe-api/src/planet/planet.controller.ts": {"path":"/Users/Lucas/Desktop/Practise/star-wars-universe-api/src/planet/planet.controller.ts","statementMap":{"0":{"start":{"line":1,"column":0},"end":{"line":1,"column":83}},"1":{"start":{"line":2,"column":0},"end":{"line":2,"column":49}},"2":{"start":{"line":3,"column":0},"end":{"line":3,"column":58}},"3":{"start":{"line":4,"column":0},"end":{"line":4,"column":58}},"4":{"start":{"line":7,"column":7},"end":{"line":34,"column":null}},"5":{"start":{"line":8,"column":31},"end":{"line":8,"column":46}},"6":{"start":{"line":12,"column":4},"end":{"line":12,"column":60}},"7":{"start":{"line":17,"column":4},"end":{"line":17,"column":46}},"8":{"start":{"line":22,"column":4},"end":{"line":22,"column":49}},"9":{"start":{"line":27,"column":4},"end":{"line":27,"column":65}},"10":{"start":{"line":32,"column":4},"end":{"line":32,"column":48}},"11":{"start":{"line":11,"column":8},"end":{"line":13,"column":null}},"12":{"start":{"line":16,"column":8},"end":{"line":18,"column":null}},"13":{"start":{"line":21,"column":8},"end":{"line":23,"column":null}},"14":{"start":{"line":26,"column":8},"end":{"line":28,"column":null}},"15":{"start":{"line":31,"column":8},"end":{"line":33,"column":null}},"16":{"start":{"line":7,"column":13},"end":{"line":34,"column":null}},"17":{"start":{"line":7,"column":13},"end":{"line":7,"column":29}}},"fnMap":{"0":{"name":"(anonymous_4)","decl":{"start":{"line":8,"column":2},"end":{"line":8,"column":31}},"loc":{"start":{"line":8,"column":59},"end":{"line":8,"column":63}}},"1":{"name":"(anonymous_5)","decl":{"start":{"line":11,"column":2},"end":{"line":11,"column":7}},"loc":{"start":{"line":11,"column":55},"end":{"line":13,"column":3}}},"2":{"name":"(anonymous_6)","decl":{"start":{"line":16,"column":2},"end":{"line":16,"column":7}},"loc":{"start":{"line":16,"column":15},"end":{"line":18,"column":3}}},"3":{"name":"(anonymous_7)","decl":{"start":{"line":21,"column":2},"end":{"line":21,"column":7}},"loc":{"start":{"line":21,"column":39},"end":{"line":23,"column":3}}},"4":{"name":"(anonymous_8)","decl":{"start":{"line":26,"column":2},"end":{"line":26,"column":7}},"loc":{"start":{"line":26,"column":80},"end":{"line":28,"column":3}}},"5":{"name":"(anonymous_9)","decl":{"start":{"line":31,"column":2},"end":{"line":31,"column":7}},"loc":{"start":{"line":31,"column":38},"end":{"line":33,"column":3}}}},"branchMap":{},"s":{"0":1,"1":1,"2":1,"3":1,"4":1,"5":6,"6":1,"7":1,"8":1,"9":1,"10":1,"11":1,"12":1,"13":1,"14":1,"15":1,"16":1,"17":1},"f":{"0":6,"1":1,"2":1,"3":1,"4":1,"5":1},"b":{}}
,"/Users/Lucas/Desktop/Practise/star-wars-universe-api/src/planet/planet.module.ts": {"path":"/Users/Lucas/Desktop/Practise/star-wars-universe-api/src/planet/planet.module.ts","statementMap":{"0":{"start":{"line":1,"column":0},"end":{"line":1,"column":40}},"1":{"start":{"line":2,"column":0},"end":{"line":2,"column":49}},"2":{"start":{"line":3,"column":0},"end":{"line":3,"column":55}},"3":{"start":{"line":4,"column":0},"end":{"line":4,"column":48}},"4":{"start":{"line":5,"column":0},"end":{"line":5,"column":50}},"5":{"start":{"line":13,"column":7},"end":{"line":13,"column":null}},"6":{"start":{"line":13,"column":13},"end":{"line":13,"column":null}},"7":{"start":{"line":13,"column":13},"end":{"line":13,"column":25}}},"fnMap":{},"branchMap":{},"s":{"0":0,"1":0,"2":0,"3":0,"4":0,"5":0,"6":0,"7":0},"f":{},"b":{}}
,"/Users/Lucas/Desktop/Practise/star-wars-universe-api/src/planet/planet.service.ts": {"path":"/Users/Lucas/Desktop/Practise/star-wars-universe-api/src/planet/planet.service.ts","statementMap":{"0":{"start":{"line":1,"column":0},"end":{"line":1,"column":63}},"1":{"start":{"line":4,"column":0},"end":{"line":4,"column":50}},"2":{"start":{"line":5,"column":0},"end":{"line":5,"column":51}},"3":{"start":{"line":6,"column":0},"end":{"line":6,"column":37}},"4":{"start":{"line":9,"column":7},"end":{"line":50,"column":null}},"5":{"start":{"line":13,"column":12},"end":{"line":13,"column":30}},"6":{"start":{"line":18,"column":4},"end":{"line":18,"column":61}},"7":{"start":{"line":22,"column":4},"end":{"line":22,"column":46}},"8":{"start":{"line":26,"column":19},"end":{"line":26,"column":77}},"9":{"start":{"line":27,"column":4},"end":{"line":29,"column":null}},"10":{"start":{"line":28,"column":6},"end":{"line":28,"column":68}},"11":{"start":{"line":30,"column":4},"end":{"line":30,"column":18}},"12":{"start":{"line":34,"column":19},"end":{"line":36,"column":null}},"13":{"start":{"line":38,"column":4},"end":{"line":40,"column":null}},"14":{"start":{"line":39,"column":6},"end":{"line":39,"column":68}},"15":{"start":{"line":41,"column":4},"end":{"line":41,"column":52}},"16":{"start":{"line":45,"column":25},"end":{"line":45,"column":63}},"17":{"start":{"line":46,"column":4},"end":{"line":48,"column":null}},"18":{"start":{"line":47,"column":6},"end":{"line":47,"column":68}},"19":{"start":{"line":9,"column":13},"end":{"line":50,"column":null}},"20":{"start":{"line":9,"column":13},"end":{"line":9,"column":26}}},"fnMap":{"0":{"name":"(anonymous_4)","decl":{"start":{"line":11,"column":2},"end":{"line":11,"column":null}},"loc":{"start":{"line":13,"column":48},"end":{"line":14,"column":6}}},"1":{"name":"(anonymous_5)","decl":{"start":{"line":17,"column":2},"end":{"line":17,"column":7}},"loc":{"start":{"line":17,"column":47},"end":{"line":19,"column":3}}},"2":{"name":"(anonymous_6)","decl":{"start":{"line":21,"column":2},"end":{"line":21,"column":7}},"loc":{"start":{"line":21,"column":15},"end":{"line":23,"column":3}}},"3":{"name":"(anonymous_7)","decl":{"start":{"line":25,"column":2},"end":{"line":25,"column":7}},"loc":{"start":{"line":25,"column":26},"end":{"line":31,"column":3}}},"4":{"name":"(anonymous_8)","decl":{"start":{"line":33,"column":2},"end":{"line":33,"column":7}},"loc":{"start":{"line":33,"column":59},"end":{"line":42,"column":3}}},"5":{"name":"(anonymous_9)","decl":{"start":{"line":44,"column":2},"end":{"line":44,"column":7}},"loc":{"start":{"line":44,"column":25},"end":{"line":49,"column":3}}}},"branchMap":{"0":{"loc":{"start":{"line":27,"column":4},"end":{"line":29,"column":null}},"type":"if","locations":[{"start":{"line":27,"column":4},"end":{"line":29,"column":null}}]},"1":{"loc":{"start":{"line":38,"column":4},"end":{"line":40,"column":null}},"type":"if","locations":[{"start":{"line":38,"column":4},"end":{"line":40,"column":null}}]},"2":{"loc":{"start":{"line":46,"column":4},"end":{"line":48,"column":null}},"type":"if","locations":[{"start":{"line":46,"column":4},"end":{"line":48,"column":null}}]}},"s":{"0":6,"1":6,"2":6,"3":6,"4":6,"5":9,"6":1,"7":1,"8":2,"9":2,"10":1,"11":1,"12":2,"13":2,"14":1,"15":1,"16":2,"17":2,"18":1,"19":6,"20":6},"f":{"0":9,"1":1,"2":1,"3":2,"4":2,"5":2},"b":{"0":[1],"1":[1],"2":[1]}}
,"/Users/Lucas/Desktop/Practise/star-wars-universe-api/src/planet/dto/create-planet.dto.ts": {"path":"/Users/Lucas/Desktop/Practise/star-wars-universe-api/src/planet/dto/create-planet.dto.ts","statementMap":{"0":{"start":{"line":3,"column":15},"end":{"line":3,"column":27}},"1":{"start":{"line":4,"column":15},"end":{"line":4,"column":33}},"2":{"start":{"line":5,"column":15},"end":{"line":5,"column":30}},"3":{"start":{"line":6,"column":15},"end":{"line":6,"column":30}},"4":{"start":{"line":7,"column":15},"end":{"line":7,"column":68}},"5":{"start":{"line":1,"column":0},"end":{"line":1,"column":13}}},"fnMap":{"0":{"name":"(anonymous_0)","decl":{"start":{"line":2,"column":4},"end":{"line":2,"column":null}},"loc":{"start":{"line":7,"column":68},"end":{"line":8,"column":9}}}},"branchMap":{},"s":{"0":0,"1":0,"2":0,"3":0,"4":0,"5":1},"f":{"0":0},"b":{}}
,"/Users/Lucas/Desktop/Practise/star-wars-universe-api/src/planet/dto/update-planet.dto.ts": {"path":"/Users/Lucas/Desktop/Practise/star-wars-universe-api/src/planet/dto/update-planet.dto.ts","statementMap":{"0":{"start":{"line":1,"column":0},"end":{"line":1,"column":51}},"1":{"start":{"line":2,"column":0},"end":{"line":2,"column":54}},"2":{"start":{"line":4,"column":0},"end":{"line":4,"column":13}}},"fnMap":{},"branchMap":{},"s":{"0":1,"1":1,"2":1},"f":{},"b":{}}
,"/Users/Lucas/Desktop/Practise/star-wars-universe-api/src/planet/entities/planet.entity.ts": {"path":"/Users/Lucas/Desktop/Practise/star-wars-universe-api/src/planet/entities/planet.entity.ts","statementMap":{"0":{"start":{"line":1,"column":0},"end":{"line":1,"column":65}},"1":{"start":{"line":4,"column":7},"end":{"line":39,"column":null}},"2":{"start":{"line":32,"column":8},"end":{"line":32,"column":21}},"3":{"start":{"line":33,"column":8},"end":{"line":33,"column":25}},"4":{"start":{"line":34,"column":8},"end":{"line":34,"column":37}},"5":{"start":{"line":35,"column":8},"end":{"line":35,"column":31}},"6":{"start":{"line":36,"column":8},"end":{"line":36,"column":31}},"7":{"start":{"line":37,"column":8},"end":{"line":37,"column":39}},"8":{"start":{"line":6,"column":4},"end":{"line":7,"column":null}},"9":{"start":{"line":9,"column":4},"end":{"line":10,"column":null}},"10":{"start":{"line":12,"column":4},"end":{"line":13,"column":null}},"11":{"start":{"line":15,"column":4},"end":{"line":16,"column":null}},"12":{"start":{"line":18,"column":4},"end":{"line":19,"column":null}},"13":{"start":{"line":21,"column":4},"end":{"line":22,"column":null}},"14":{"start":{"line":4,"column":13},"end":{"line":39,"column":null}},"15":{"start":{"line":4,"column":13},"end":{"line":4,"column":19}}},"fnMap":{"0":{"name":"(anonymous_2)","decl":{"start":{"line":24,"column":4},"end":{"line":24,"column":null}},"loc":{"start":{"line":30,"column":61},"end":{"line":38,"column":5}}}},"branchMap":{},"s":{"0":6,"1":6,"2":0,"3":0,"4":0,"5":0,"6":0,"7":0,"8":6,"9":6,"10":6,"11":6,"12":6,"13":6,"14":6,"15":6},"f":{"0":0},"b":{}}
,"/Users/Lucas/Desktop/Practise/star-wars-universe-api/src/starship/starship.controller.ts": {"path":"/Users/Lucas/Desktop/Practise/star-wars-universe-api/src/starship/starship.controller.ts","statementMap":{"0":{"start":{"line":1,"column":0},"end":{"line":1,"column":110}},"1":{"start":{"line":2,"column":0},"end":{"line":2,"column":53}},"2":{"start":{"line":3,"column":0},"end":{"line":3,"column":62}},"3":{"start":{"line":4,"column":0},"end":{"line":4,"column":62}},"4":{"start":{"line":7,"column":7},"end":{"line":74,"column":null}},"5":{"start":{"line":8,"column":31},"end":{"line":8,"column":48}},"6":{"start":{"line":12,"column":4},"end":{"line":12,"column":64}},"7":{"start":{"line":17,"column":4},"end":{"line":17,"column":48}},"8":{"start":{"line":22,"column":4},"end":{"line":22,"column":51}},"9":{"start":{"line":27,"column":4},"end":{"line":27,"column":69}},"10":{"start":{"line":32,"column":4},"end":{"line":32,"column":50}},"11":{"start":{"line":37,"column":4},"end":{"line":42,"column":null}},"12":{"start":{"line":38,"column":6},"end":{"line":38,"column":74}},"13":{"start":{"line":41,"column":6},"end":{"line":41,"column":69}},"14":{"start":{"line":47,"column":4},"end":{"line":52,"column":null}},"15":{"start":{"line":48,"column":6},"end":{"line":48,"column":70}},"16":{"start":{"line":51,"column":6},"end":{"line":51,"column":69}},"17":{"start":{"line":57,"column":4},"end":{"line":62,"column":null}},"18":{"start":{"line":58,"column":6},"end":{"line":58,"column":64}},"19":{"start":{"line":61,"column":6},"end":{"line":61,"column":69}},"20":{"start":{"line":67,"column":4},"end":{"line":72,"column":null}},"21":{"start":{"line":68,"column":6},"end":{"line":68,"column":65}},"22":{"start":{"line":71,"column":6},"end":{"line":71,"column":69}},"23":{"start":{"line":11,"column":8},"end":{"line":13,"column":null}},"24":{"start":{"line":16,"column":8},"end":{"line":18,"column":null}},"25":{"start":{"line":21,"column":8},"end":{"line":23,"column":null}},"26":{"start":{"line":26,"column":8},"end":{"line":28,"column":null}},"27":{"start":{"line":31,"column":8},"end":{"line":33,"column":null}},"28":{"start":{"line":36,"column":8},"end":{"line":43,"column":null}},"29":{"start":{"line":46,"column":8},"end":{"line":53,"column":null}},"30":{"start":{"line":56,"column":8},"end":{"line":63,"column":null}},"31":{"start":{"line":66,"column":8},"end":{"line":73,"column":null}},"32":{"start":{"line":7,"column":13},"end":{"line":74,"column":null}},"33":{"start":{"line":7,"column":13},"end":{"line":7,"column":31}}},"fnMap":{"0":{"name":"(anonymous_4)","decl":{"start":{"line":8,"column":2},"end":{"line":8,"column":31}},"loc":{"start":{"line":8,"column":63},"end":{"line":8,"column":67}}},"1":{"name":"(anonymous_5)","decl":{"start":{"line":11,"column":2},"end":{"line":11,"column":7}},"loc":{"start":{"line":11,"column":59},"end":{"line":13,"column":3}}},"2":{"name":"(anonymous_6)","decl":{"start":{"line":16,"column":2},"end":{"line":16,"column":7}},"loc":{"start":{"line":16,"column":15},"end":{"line":18,"column":3}}},"3":{"name":"(anonymous_7)","decl":{"start":{"line":21,"column":2},"end":{"line":21,"column":7}},"loc":{"start":{"line":21,"column":39},"end":{"line":23,"column":3}}},"4":{"name":"(anonymous_8)","decl":{"start":{"line":26,"column":2},"end":{"line":26,"column":7}},"loc":{"start":{"line":26,"column":84},"end":{"line":28,"column":3}}},"5":{"name":"(anonymous_9)","decl":{"start":{"line":31,"column":2},"end":{"line":31,"column":7}},"loc":{"start":{"line":31,"column":38},"end":{"line":33,"column":3}}},"6":{"name":"(anonymous_10)","decl":{"start":{"line":36,"column":2},"end":{"line":36,"column":7}},"loc":{"start":{"line":36,"column":86},"end":{"line":43,"column":3}}},"7":{"name":"(anonymous_11)","decl":{"start":{"line":46,"column":2},"end":{"line":46,"column":7}},"loc":{"start":{"line":46,"column":79},"end":{"line":53,"column":3}}},"8":{"name":"(anonymous_12)","decl":{"start":{"line":56,"column":2},"end":{"line":56,"column":7}},"loc":{"start":{"line":56,"column":51},"end":{"line":63,"column":3}}},"9":{"name":"(anonymous_13)","decl":{"start":{"line":66,"column":2},"end":{"line":66,"column":7}},"loc":{"start":{"line":66,"column":51},"end":{"line":73,"column":3}}}},"branchMap":{},"s":{"0":1,"1":1,"2":1,"3":1,"4":1,"5":14,"6":1,"7":1,"8":1,"9":1,"10":1,"11":2,"12":2,"13":1,"14":2,"15":2,"16":1,"17":2,"18":2,"19":1,"20":2,"21":2,"22":1,"23":1,"24":1,"25":1,"26":1,"27":1,"28":1,"29":1,"30":1,"31":1,"32":1,"33":1},"f":{"0":14,"1":1,"2":1,"3":1,"4":1,"5":1,"6":2,"7":2,"8":2,"9":2},"b":{}}
,"/Users/Lucas/Desktop/Practise/star-wars-universe-api/src/starship/starship.module.ts": {"path":"/Users/Lucas/Desktop/Practise/star-wars-universe-api/src/starship/starship.module.ts","statementMap":{"0":{"start":{"line":1,"column":0},"end":{"line":1,"column":40}},"1":{"start":{"line":2,"column":0},"end":{"line":2,"column":53}},"2":{"start":{"line":3,"column":0},"end":{"line":3,"column":59}},"3":{"start":{"line":4,"column":0},"end":{"line":4,"column":48}},"4":{"start":{"line":5,"column":0},"end":{"line":5,"column":54}},"5":{"start":{"line":6,"column":0},"end":{"line":6,"column":56}},"6":{"start":{"line":14,"column":7},"end":{"line":14,"column":null}},"7":{"start":{"line":14,"column":13},"end":{"line":14,"column":null}},"8":{"start":{"line":14,"column":13},"end":{"line":14,"column":27}}},"fnMap":{},"branchMap":{},"s":{"0":0,"1":0,"2":0,"3":0,"4":0,"5":0,"6":0,"7":0,"8":0},"f":{},"b":{}}
,"/Users/Lucas/Desktop/Practise/star-wars-universe-api/src/starship/starship.service.ts": {"path":"/Users/Lucas/Desktop/Practise/star-wars-universe-api/src/starship/starship.service.ts","statementMap":{"0":{"start":{"line":1,"column":0},"end":{"line":1,"column":63}},"1":{"start":{"line":2,"column":0},"end":{"line":2,"column":51}},"2":{"start":{"line":3,"column":0},"end":{"line":3,"column":57}},"3":{"start":{"line":4,"column":0},"end":{"line":4,"column":57}},"4":{"start":{"line":5,"column":0},"end":{"line":5,"column":37}},"5":{"start":{"line":8,"column":0},"end":{"line":8,"column":54}},"6":{"start":{"line":12,"column":7},"end":{"line":163,"column":null}},"7":{"start":{"line":16,"column":12},"end":{"line":16,"column":32}},"8":{"start":{"line":17,"column":21},"end":{"line":17,"column":36}},"9":{"start":{"line":21,"column":24},"end":{"line":21,"column":73}},"10":{"start":{"line":22,"column":4},"end":{"line":22,"column":59}},"11":{"start":{"line":26,"column":4},"end":{"line":26,"column":48}},"12":{"start":{"line":30,"column":4},"end":{"line":30,"column":72}},"13":{"start":{"line":34,"column":4},"end":{"line":34,"column":64}},"14":{"start":{"line":35,"column":4},"end":{"line":35,"column":28}},"15":{"start":{"line":39,"column":4},"end":{"line":39,"column":45}},"16":{"start":{"line":43,"column":21},"end":{"line":43,"column":81}},"17":{"start":{"line":44,"column":19},"end":{"line":44,"column":61}},"18":{"start":{"line":46,"column":4},"end":{"line":48,"column":null}},"19":{"start":{"line":47,"column":6},"end":{"line":47,"column":68}},"20":{"start":{"line":50,"column":4},"end":{"line":52,"column":null}},"21":{"start":{"line":51,"column":6},"end":{"line":51,"column":66}},"22":{"start":{"line":54,"column":19},"end":{"line":54,"column":105}},"23":{"start":{"line":56,"column":4},"end":{"line":56,"column":20}},"24":{"start":{"line":60,"column":14},"end":{"line":60,"column":18}},"25":{"start":{"line":62,"column":20},"end":{"line":64,"column":5}},"26":{"start":{"line":63,"column":8},"end":{"line":63,"column":38}},"27":{"start":{"line":66,"column":17},"end":{"line":66,"column":59}},"28":{"start":{"line":67,"column":17},"end":{"line":67,"column":61}},"29":{"start":{"line":70,"column":8},"end":{"line":72,"column":43}},"30":{"start":{"line":74,"column":14},"end":{"line":74,"column":58}},"31":{"start":{"line":75,"column":21},"end":{"line":75,"column":26}},"32":{"start":{"line":77,"column":4},"end":{"line":77,"column":20}},"33":{"start":{"line":82,"column":19},"end":{"line":82,"column":87}},"34":{"start":{"line":83,"column":4},"end":{"line":85,"column":null}},"35":{"start":{"line":84,"column":8},"end":{"line":84,"column":58}},"36":{"start":{"line":87,"column":24},"end":{"line":87,"column":59}},"37":{"start":{"line":89,"column":4},"end":{"line":89,"column":41}},"38":{"start":{"line":91,"column":4},"end":{"line":91,"column":50}},"39":{"start":{"line":96,"column":25},"end":{"line":96,"column":58}},"40":{"start":{"line":97,"column":26},"end":{"line":97,"column":60}},"41":{"start":{"line":98,"column":34},"end":{"line":98,"column":68}},"42":{"start":{"line":99,"column":36},"end":{"line":99,"column":68}},"43":{"start":{"line":101,"column":21},"end":{"line":101,"column":110}},"44":{"start":{"line":102,"column":4},"end":{"line":102,"column":49}},"45":{"start":{"line":103,"column":4},"end":{"line":103,"column":20}},"46":{"start":{"line":107,"column":20},"end":{"line":107,"column":77}},"47":{"start":{"line":108,"column":26},"end":{"line":108,"column":66}},"48":{"start":{"line":109,"column":6},"end":{"line":109,"column":32}},"49":{"start":{"line":113,"column":21},"end":{"line":113,"column":76}},"50":{"start":{"line":114,"column":26},"end":{"line":114,"column":67}},"51":{"start":{"line":115,"column":6},"end":{"line":115,"column":33}},"52":{"start":{"line":119,"column":6},"end":{"line":119,"column":47}},"53":{"start":{"line":123,"column":21},"end":{"line":123,"column":47}},"54":{"start":{"line":124,"column":22},"end":{"line":124,"column":49}},"55":{"start":{"line":126,"column":4},"end":{"line":129,"column":6}},"56":{"start":{"line":133,"column":21},"end":{"line":133,"column":81}},"57":{"start":{"line":134,"column":4},"end":{"line":136,"column":null}},"58":{"start":{"line":135,"column":8},"end":{"line":135,"column":58}},"59":{"start":{"line":138,"column":36},"end":{"line":138,"column":38}},"60":{"start":{"line":139,"column":4},"end":{"line":142,"column":7}},"61":{"start":{"line":140,"column":6},"end":{"line":141,"column":34}},"62":{"start":{"line":141,"column":8},"end":{"line":141,"column":34}},"63":{"start":{"line":144,"column":4},"end":{"line":144,"column":25}},"64":{"start":{"line":148,"column":21},"end":{"line":148,"column":89}},"65":{"start":{"line":150,"column":4},"end":{"line":152,"column":null}},"66":{"start":{"line":151,"column":6},"end":{"line":151,"column":68}},"67":{"start":{"line":154,"column":23},"end":{"line":154,"column":57}},"68":{"start":{"line":156,"column":29},"end":{"line":159,"column":6}},"69":{"start":{"line":157,"column":23},"end":{"line":157,"column":109}},"70":{"start":{"line":158,"column":6},"end":{"line":158,"column":43}},"71":{"start":{"line":161,"column":4},"end":{"line":161,"column":28}},"72":{"start":{"line":12,"column":13},"end":{"line":163,"column":null}},"73":{"start":{"line":12,"column":13},"end":{"line":12,"column":28}}},"fnMap":{"0":{"name":"(anonymous_4)","decl":{"start":{"line":14,"column":2},"end":{"line":14,"column":null}},"loc":{"start":{"line":17,"column":49},"end":{"line":18,"column":6}}},"1":{"name":"(anonymous_5)","decl":{"start":{"line":20,"column":2},"end":{"line":20,"column":7}},"loc":{"start":{"line":20,"column":51},"end":{"line":23,"column":3}}},"2":{"name":"(anonymous_6)","decl":{"start":{"line":25,"column":2},"end":{"line":25,"column":7}},"loc":{"start":{"line":25,"column":15},"end":{"line":27,"column":3}}},"3":{"name":"(anonymous_7)","decl":{"start":{"line":29,"column":2},"end":{"line":29,"column":7}},"loc":{"start":{"line":29,"column":26},"end":{"line":31,"column":3}}},"4":{"name":"(anonymous_8)","decl":{"start":{"line":33,"column":2},"end":{"line":33,"column":7}},"loc":{"start":{"line":33,"column":63},"end":{"line":36,"column":3}}},"5":{"name":"(anonymous_9)","decl":{"start":{"line":38,"column":2},"end":{"line":38,"column":7}},"loc":{"start":{"line":38,"column":25},"end":{"line":40,"column":3}}},"6":{"name":"(anonymous_10)","decl":{"start":{"line":42,"column":2},"end":{"line":42,"column":7}},"loc":{"start":{"line":42,"column":54},"end":{"line":57,"column":3}}},"7":{"name":"(anonymous_11)","decl":{"start":{"line":59,"column":10},"end":{"line":59,"column":45}},"loc":{"start":{"line":59,"column":144},"end":{"line":78,"column":3}}},"8":{"name":"(anonymous_12)","decl":{"start":{"line":62,"column":20},"end":{"line":62,"column":21}},"loc":{"start":{"line":62,"column":47},"end":{"line":64,"column":5}}},"9":{"name":"(anonymous_13)","decl":{"start":{"line":80,"column":2},"end":{"line":80,"column":7}},"loc":{"start":{"line":80,"column":45},"end":{"line":92,"column":3}}},"10":{"name":"(anonymous_14)","decl":{"start":{"line":94,"column":10},"end":{"line":94,"column":15}},"loc":{"start":{"line":94,"column":38},"end":{"line":104,"column":3}}},"11":{"name":"(anonymous_15)","decl":{"start":{"line":106,"column":10},"end":{"line":106,"column":36}},"loc":{"start":{"line":106,"column":36},"end":{"line":110,"column":3}}},"12":{"name":"(anonymous_16)","decl":{"start":{"line":112,"column":10},"end":{"line":112,"column":37}},"loc":{"start":{"line":112,"column":37},"end":{"line":116,"column":3}}},"13":{"name":"(anonymous_17)","decl":{"start":{"line":118,"column":10},"end":{"line":118,"column":37}},"loc":{"start":{"line":118,"column":37},"end":{"line":120,"column":3}}},"14":{"name":"(anonymous_18)","decl":{"start":{"line":122,"column":10},"end":{"line":122,"column":35}},"loc":{"start":{"line":122,"column":35},"end":{"line":130,"column":3}}},"15":{"name":"(anonymous_19)","decl":{"start":{"line":132,"column":9},"end":{"line":132,"column":14}},"loc":{"start":{"line":132,"column":57},"end":{"line":145,"column":3}}},"16":{"name":"(anonymous_20)","decl":{"start":{"line":139,"column":29},"end":{"line":139,"column":34}},"loc":{"start":{"line":139,"column":37},"end":{"line":142,"column":5}}},"17":{"name":"(anonymous_21)","decl":{"start":{"line":147,"column":2},"end":{"line":147,"column":7}},"loc":{"start":{"line":147,"column":46},"end":{"line":162,"column":3}}},"18":{"name":"(anonymous_22)","decl":{"start":{"line":156,"column":47},"end":{"line":156,"column":53}},"loc":{"start":{"line":156,"column":56},"end":{"line":159,"column":5}}}},"branchMap":{"0":{"loc":{"start":{"line":46,"column":4},"end":{"line":48,"column":null}},"type":"if","locations":[{"start":{"line":46,"column":4},"end":{"line":48,"column":null}}]},"1":{"loc":{"start":{"line":50,"column":4},"end":{"line":52,"column":null}},"type":"if","locations":[{"start":{"line":50,"column":4},"end":{"line":52,"column":null}}]},"2":{"loc":{"start":{"line":83,"column":4},"end":{"line":85,"column":null}},"type":"if","locations":[{"start":{"line":83,"column":4},"end":{"line":85,"column":null}}]},"3":{"loc":{"start":{"line":134,"column":4},"end":{"line":136,"column":null}},"type":"if","locations":[{"start":{"line":134,"column":4},"end":{"line":136,"column":null}}]},"4":{"loc":{"start":{"line":140,"column":6},"end":{"line":141,"column":34}},"type":"if","locations":[{"start":{"line":140,"column":6},"end":{"line":141,"column":34}}]},"5":{"loc":{"start":{"line":150,"column":4},"end":{"line":152,"column":null}},"type":"if","locations":[{"start":{"line":150,"column":4},"end":{"line":152,"column":null}}]}},"s":{"0":4,"1":4,"2":4,"3":4,"4":4,"5":4,"6":4,"7":19,"8":19,"9":1,"10":1,"11":1,"12":2,"13":1,"14":1,"15":1,"16":4,"17":4,"18":4,"19":1,"20":3,"21":1,"22":2,"23":2,"24":7,"25":7,"26":28,"27":7,"28":7,"29":7,"30":7,"31":7,"32":7,"33":5,"34":5,"35":1,"36":4,"37":4,"38":4,"39":4,"40":4,"41":4,"42":4,"43":4,"44":4,"45":4,"46":4,"47":4,"48":4,"49":4,"50":4,"51":4,"52":4,"53":4,"54":4,"55":4,"56":2,"57":2,"58":1,"59":1,"60":1,"61":2,"62":1,"63":1,"64":2,"65":2,"66":1,"67":1,"68":1,"69":3,"70":3,"71":1,"72":4,"73":4},"f":{"0":19,"1":1,"2":1,"3":2,"4":1,"5":1,"6":4,"7":7,"8":28,"9":5,"10":4,"11":4,"12":4,"13":4,"14":4,"15":2,"16":2,"17":2,"18":3},"b":{"0":[1],"1":[1],"2":[1],"3":[1],"4":[1],"5":[1]}}
,"/Users/Lucas/Desktop/Practise/star-wars-universe-api/src/starship/dto/create-starship.dto.ts": {"path":"/Users/Lucas/Desktop/Practise/star-wars-universe-api/src/starship/dto/create-starship.dto.ts","statementMap":{"0":{"start":{"line":6,"column":15},"end":{"line":6,"column":27}},"1":{"start":{"line":7,"column":15},"end":{"line":7,"column":28}},"2":{"start":{"line":8,"column":15},"end":{"line":8,"column":36}},"3":{"start":{"line":9,"column":15},"end":{"line":9,"column":72}},"4":{"start":{"line":10,"column":15},"end":{"line":10,"column":38}},"5":{"start":{"line":11,"column":15},"end":{"line":11,"column":34}},"6":{"start":{"line":4,"column":0},"end":{"line":4,"column":13}}},"fnMap":{"0":{"name":"(anonymous_0)","decl":{"start":{"line":5,"column":4},"end":{"line":5,"column":null}},"loc":{"start":{"line":11,"column":34},"end":{"line":12,"column":9}}}},"branchMap":{},"s":{"0":1,"1":1,"2":1,"3":1,"4":1,"5":1,"6":2},"f":{"0":1},"b":{}}
,"/Users/Lucas/Desktop/Practise/star-wars-universe-api/src/starship/dto/update-starship.dto.ts": {"path":"/Users/Lucas/Desktop/Practise/star-wars-universe-api/src/starship/dto/update-starship.dto.ts","statementMap":{"0":{"start":{"line":1,"column":0},"end":{"line":1,"column":51}},"1":{"start":{"line":2,"column":0},"end":{"line":2,"column":58}},"2":{"start":{"line":4,"column":0},"end":{"line":4,"column":13}}},"fnMap":{},"branchMap":{},"s":{"0":2,"1":2,"2":2},"f":{},"b":{}}
,"/Users/Lucas/Desktop/Practise/star-wars-universe-api/src/starship/entities/starship.entity.ts": {"path":"/Users/Lucas/Desktop/Practise/star-wars-universe-api/src/starship/entities/starship.entity.ts","statementMap":{"0":{"start":{"line":1,"column":0},"end":{"line":1,"column":99}},"1":{"start":{"line":2,"column":0},"end":{"line":2,"column":70}},"2":{"start":{"line":5,"column":21},"end":{"line":45,"column":null}},"3":{"start":{"line":40,"column":8},"end":{"line":40,"column":25}},"4":{"start":{"line":41,"column":8},"end":{"line":41,"column":27}},"5":{"start":{"line":42,"column":8},"end":{"line":42,"column":43}},"6":{"start":{"line":43,"column":8},"end":{"line":43,"column":47}},"7":{"start":{"line":7,"column":4},"end":{"line":8,"column":null}},"8":{"start":{"line":10,"column":4},"end":{"line":11,"column":null}},"9":{"start":{"line":13,"column":4},"end":{"line":14,"column":null}},"10":{"start":{"line":16,"column":4},"end":{"line":17,"column":null}},"11":{"start":{"line":19,"column":4},"end":{"line":20,"column":null}},"12":{"start":{"line":22,"column":4},"end":{"line":23,"column":null}},"13":{"start":{"line":26,"column":4},"end":{"line":28,"column":null}},"14":{"start":{"line":26,"column":24},"end":{"line":26,"column":33}},"15":{"start":{"line":26,"column":48},"end":{"line":26,"column":66}},"16":{"start":{"line":30,"column":4},"end":{"line":32,"column":null}},"17":{"start":{"line":30,"column":24},"end":{"line":30,"column":32}},"18":{"start":{"line":5,"column":13},"end":{"line":45,"column":null}},"19":{"start":{"line":5,"column":13},"end":{"line":5,"column":21}}},"fnMap":{"0":{"name":"(anonymous_2)","decl":{"start":{"line":34,"column":4},"end":{"line":34,"column":null}},"loc":{"start":{"line":38,"column":65},"end":{"line":44,"column":5}}},"1":{"name":"(anonymous_3)","decl":{"start":{"line":26,"column":16},"end":{"line":26,"column":20}},"loc":{"start":{"line":26,"column":24},"end":{"line":26,"column":33}}},"2":{"name":"(anonymous_4)","decl":{"start":{"line":26,"column":35},"end":{"line":26,"column":44}},"loc":{"start":{"line":26,"column":48},"end":{"line":26,"column":66}}},"3":{"name":"(anonymous_5)","decl":{"start":{"line":30,"column":16},"end":{"line":30,"column":20}},"loc":{"start":{"line":30,"column":24},"end":{"line":30,"column":32}}}},"branchMap":{},"s":{"0":4,"1":4,"2":4,"3":4,"4":4,"5":4,"6":4,"7":4,"8":4,"9":4,"10":4,"11":4,"12":4,"13":4,"14":0,"15":0,"16":4,"17":0,"18":4,"19":4},"f":{"0":4,"1":0,"2":0,"3":0},"b":{}}
}
