TN:
SF:src/app.controller.ts
FN:6,(anonymous_2)
FN:9,(anonymous_3)
FNF:2
FNH:2
FNDA:1,(anonymous_2)
FNDA:1,(anonymous_3)
DA:1,1
DA:2,1
DA:5,1
DA:6,1
DA:8,1
DA:10,1
LF:6
LH:6
BRF:0
BRH:0
end_of_record
TN:
SF:src/app.module.ts
FNF:0
FNH:0
DA:1,0
DA:2,0
DA:3,0
DA:4,0
DA:5,0
DA:6,0
DA:7,0
DA:8,0
DA:9,0
DA:10,0
DA:29,0
LF:11
LH:0
BRF:0
BRH:0
end_of_record
TN:
SF:src/app.service.ts
FN:5,(anonymous_1)
FNF:1
FNH:1
FNDA:1,(anonymous_1)
DA:1,1
DA:4,1
DA:6,1
LF:3
LH:3
BRF:0
BRH:0
end_of_record
TN:
SF:src/main.ts
FN:4,bootstrap
FNF:1
FNH:0
FNDA:0,bootstrap
DA:1,0
DA:2,0
DA:5,0
DA:6,0
DA:8,0
LF:5
LH:0
BRF:0
BRH:0
end_of_record
TN:
SF:src/character/character.controller.ts
FN:8,(anonymous_4)
FN:11,(anonymous_5)
FN:16,(anonymous_6)
FN:21,(anonymous_7)
FN:26,(anonymous_8)
FN:31,(anonymous_9)
FN:36,(anonymous_10)
FN:46,(anonymous_11)
FN:57,(anonymous_12)
FNF:9
FNH:9
FNDA:13,(anonymous_4)
FNDA:2,(anonymous_5)
FNDA:1,(anonymous_6)
FNDA:1,(anonymous_7)
FNDA:1,(anonymous_8)
FNDA:1,(anonymous_9)
FNDA:2,(anonymous_10)
FNDA:2,(anonymous_11)
FNDA:2,(anonymous_12)
DA:1,1
DA:2,1
DA:3,1
DA:4,1
DA:7,1
DA:8,13
DA:11,1
DA:12,2
DA:16,1
DA:17,1
DA:21,1
DA:22,1
DA:26,1
DA:27,1
DA:31,1
DA:32,1
DA:36,1
DA:37,2
DA:38,2
DA:41,1
DA:46,1
DA:47,2
DA:49,2
DA:52,1
DA:57,1
DA:58,2
DA:59,2
DA:61,1
LF:28
LH:28
BRF:0
BRH:0
end_of_record
TN:
SF:src/character/character.module.ts
FNF:0
FNH:0
DA:1,0
DA:2,0
DA:3,0
DA:4,0
DA:5,0
DA:6,0
DA:7,0
DA:14,0
LF:8
LH:0
BRF:0
BRH:0
end_of_record
TN:
SF:src/character/character.service.ts
FN:14,(anonymous_4)
FN:22,(anonymous_5)
FN:27,(anonymous_6)
FN:31,(anonymous_7)
FN:40,(anonymous_8)
FN:45,(anonymous_9)
FN:49,(anonymous_10)
FN:65,(anonymous_11)
FN:80,(anonymous_12)
FNF:9
FNH:9
FNDA:16,(anonymous_4)
FNDA:2,(anonymous_5)
FNDA:1,(anonymous_6)
FNDA:3,(anonymous_7)
FNDA:1,(anonymous_8)
FNDA:1,(anonymous_9)
FNDA:3,(anonymous_10)
FNDA:3,(anonymous_11)
FNDA:2,(anonymous_12)
DA:1,2
DA:2,2
DA:3,2
DA:4,2
DA:5,2
DA:6,2
DA:9,2
DA:12,2
DA:16,16
DA:17,16
DA:18,16
DA:23,2
DA:24,2
DA:28,1
DA:33,3
DA:34,3
DA:35,1
DA:37,2
DA:41,1
DA:42,1
DA:46,1
DA:50,3
DA:51,3
DA:52,1
DA:55,2
DA:56,2
DA:57,1
DA:60,1
DA:62,1
DA:66,3
DA:67,3
DA:68,1
DA:71,2
DA:72,2
DA:73,1
DA:76,1
DA:77,1
DA:81,2
DA:82,2
DA:83,1
DA:85,1
DA:86,1
LF:42
LH:42
BRDA:34,0,0,1
BRDA:51,1,0,1
BRDA:56,2,0,1
BRDA:67,3,0,1
BRDA:72,4,0,1
BRDA:82,5,0,1
BRF:6
BRH:6
end_of_record
TN:
SF:src/character/dto/create-character.dto.ts
FN:2,(anonymous_0)
FNF:1
FNH:0
FNDA:0,(anonymous_0)
DA:1,1
DA:3,0
DA:4,0
DA:5,0
LF:4
LH:1
BRF:0
BRH:0
end_of_record
TN:
SF:src/character/dto/update-character.dto.ts
FNF:0
FNH:0
DA:1,1
DA:2,1
DA:4,1
LF:3
LH:3
BRF:0
BRH:0
end_of_record
TN:
SF:src/character/entities/character.entity.ts
FN:27,(anonymous_2)
FN:20,(anonymous_3)
FN:20,(anonymous_4)
FN:24,(anonymous_5)
FN:24,(anonymous_6)
FNF:5
FNH:0
FNDA:0,(anonymous_2)
FNDA:0,(anonymous_3)
FNDA:0,(anonymous_4)
FNDA:0,(anonymous_5)
FNDA:0,(anonymous_6)
DA:1,4
DA:2,4
DA:3,4
DA:6,4
DA:8,4
DA:11,4
DA:14,4
DA:17,4
DA:20,4
DA:24,4
DA:34,0
DA:35,0
DA:36,0
DA:37,0
DA:38,0
LF:15
LH:10
BRF:0
BRH:0
end_of_record
TN:
SF:src/helpers/errorMessages.ts
FNF:0
FNH:0
DA:1,4
DA:2,4
DA:3,4
DA:4,4
LF:4
LH:4
BRF:0
BRH:0
end_of_record
TN:
SF:src/helpers/testData.ts
FNF:0
FNH:0
DA:1,4
DA:23,4
DA:41,4
DA:55,4
DA:63,4
DA:71,4
LF:6
LH:6
BRF:0
BRH:0
end_of_record
TN:
SF:src/planet/planet.controller.ts
FN:8,(anonymous_4)
FN:11,(anonymous_5)
FN:16,(anonymous_6)
FN:21,(anonymous_7)
FN:26,(anonymous_8)
FN:31,(anonymous_9)
FNF:6
FNH:6
FNDA:6,(anonymous_4)
FNDA:1,(anonymous_5)
FNDA:1,(anonymous_6)
FNDA:1,(anonymous_7)
FNDA:1,(anonymous_8)
FNDA:1,(anonymous_9)
DA:1,1
DA:2,1
DA:3,1
DA:4,1
DA:7,1
DA:8,6
DA:11,1
DA:12,1
DA:16,1
DA:17,1
DA:21,1
DA:22,1
DA:26,1
DA:27,1
DA:31,1
DA:32,1
LF:16
LH:16
BRF:0
BRH:0
end_of_record
TN:
SF:src/planet/planet.module.ts
FNF:0
FNH:0
DA:1,0
DA:2,0
DA:3,0
DA:4,0
DA:5,0
DA:13,0
LF:6
LH:0
BRF:0
BRH:0
end_of_record
TN:
SF:src/planet/planet.service.ts
FN:11,(anonymous_4)
FN:17,(anonymous_5)
FN:21,(anonymous_6)
FN:25,(anonymous_7)
FN:33,(anonymous_8)
FN:44,(anonymous_9)
FNF:6
FNH:6
FNDA:9,(anonymous_4)
FNDA:1,(anonymous_5)
FNDA:1,(anonymous_6)
FNDA:2,(anonymous_7)
FNDA:2,(anonymous_8)
FNDA:2,(anonymous_9)
DA:1,6
DA:4,6
DA:5,6
DA:6,6
DA:9,6
DA:13,9
DA:18,1
DA:22,1
DA:26,2
DA:27,2
DA:28,1
DA:30,1
DA:34,2
DA:38,2
DA:39,1
DA:41,1
DA:45,2
DA:46,2
DA:47,1
LF:19
LH:19
BRDA:27,0,0,1
BRDA:38,1,0,1
BRDA:46,2,0,1
BRF:3
BRH:3
end_of_record
TN:
SF:src/planet/dto/create-planet.dto.ts
FN:2,(anonymous_0)
FNF:1
FNH:0
FNDA:0,(anonymous_0)
DA:1,1
DA:3,0
DA:4,0
DA:5,0
DA:6,0
DA:7,0
LF:6
LH:1
BRF:0
BRH:0
end_of_record
TN:
SF:src/planet/dto/update-planet.dto.ts
FNF:0
FNH:0
DA:1,1
DA:2,1
DA:4,1
LF:3
LH:3
BRF:0
BRH:0
end_of_record
TN:
SF:src/planet/entities/planet.entity.ts
FN:24,(anonymous_2)
FNF:1
FNH:0
FNDA:0,(anonymous_2)
DA:1,6
DA:4,6
DA:6,6
DA:9,6
DA:12,6
DA:15,6
DA:18,6
DA:21,6
DA:32,0
DA:33,0
DA:34,0
DA:35,0
DA:36,0
DA:37,0
LF:14
LH:8
BRF:0
BRH:0
end_of_record
TN:
SF:src/starship/starship.controller.ts
FN:8,(anonymous_4)
FN:11,(anonymous_5)
FN:16,(anonymous_6)
FN:21,(anonymous_7)
FN:26,(anonymous_8)
FN:31,(anonymous_9)
FN:36,(anonymous_10)
FN:46,(anonymous_11)
FN:56,(anonymous_12)
FN:66,(anonymous_13)
FNF:10
FNH:10
FNDA:14,(anonymous_4)
FNDA:1,(anonymous_5)
FNDA:1,(anonymous_6)
FNDA:1,(anonymous_7)
FNDA:1,(anonymous_8)
FNDA:1,(anonymous_9)
FNDA:2,(anonymous_10)
FNDA:2,(anonymous_11)
FNDA:2,(anonymous_12)
FNDA:2,(anonymous_13)
DA:1,1
DA:2,1
DA:3,1
DA:4,1
DA:7,1
DA:8,14
DA:11,1
DA:12,1
DA:16,1
DA:17,1
DA:21,1
DA:22,1
DA:26,1
DA:27,1
DA:31,1
DA:32,1
DA:36,1
DA:37,2
DA:38,2
DA:41,1
DA:46,1
DA:47,2
DA:48,2
DA:51,1
DA:56,1
DA:57,2
DA:58,2
DA:61,1
DA:66,1
DA:67,2
DA:68,2
DA:71,1
LF:32
LH:32
BRF:0
BRH:0
end_of_record
TN:
SF:src/starship/starship.module.ts
FNF:0
FNH:0
DA:1,0
DA:2,0
DA:3,0
DA:4,0
DA:5,0
DA:6,0
DA:14,0
LF:7
LH:0
BRF:0
BRH:0
end_of_record
TN:
SF:src/starship/starship.service.ts
FN:14,(anonymous_4)
FN:20,(anonymous_5)
FN:25,(anonymous_6)
FN:29,(anonymous_7)
FN:33,(anonymous_8)
FN:38,(anonymous_9)
FN:42,(anonymous_10)
FN:59,(anonymous_11)
FN:62,(anonymous_12)
FN:80,(anonymous_13)
FN:94,(anonymous_14)
FN:106,(anonymous_15)
FN:112,(anonymous_16)
FN:118,(anonymous_17)
FN:122,(anonymous_18)
FN:132,(anonymous_19)
FN:139,(anonymous_20)
FN:147,(anonymous_21)
FN:156,(anonymous_22)
FNF:19
FNH:19
FNDA:19,(anonymous_4)
FNDA:1,(anonymous_5)
FNDA:1,(anonymous_6)
FNDA:2,(anonymous_7)
FNDA:1,(anonymous_8)
FNDA:1,(anonymous_9)
FNDA:4,(anonymous_10)
FNDA:7,(anonymous_11)
FNDA:28,(anonymous_12)
FNDA:5,(anonymous_13)
FNDA:4,(anonymous_14)
FNDA:4,(anonymous_15)
FNDA:4,(anonymous_16)
FNDA:4,(anonymous_17)
FNDA:4,(anonymous_18)
FNDA:2,(anonymous_19)
FNDA:2,(anonymous_20)
FNDA:2,(anonymous_21)
FNDA:3,(anonymous_22)
DA:1,4
DA:2,4
DA:3,4
DA:4,4
DA:5,4
DA:8,4
DA:12,4
DA:16,19
DA:17,19
DA:21,1
DA:22,1
DA:26,1
DA:30,2
DA:34,1
DA:35,1
DA:39,1
DA:43,4
DA:44,4
DA:46,4
DA:47,1
DA:50,3
DA:51,1
DA:54,2
DA:56,2
DA:60,7
DA:62,7
DA:63,28
DA:66,7
DA:67,7
DA:70,7
DA:74,7
DA:75,7
DA:77,7
DA:82,5
DA:83,5
DA:84,1
DA:87,4
DA:89,4
DA:91,4
DA:96,4
DA:97,4
DA:98,4
DA:99,4
DA:101,4
DA:102,4
DA:103,4
DA:107,4
DA:108,4
DA:109,4
DA:113,4
DA:114,4
DA:115,4
DA:119,4
DA:123,4
DA:124,4
DA:126,4
DA:133,2
DA:134,2
DA:135,1
DA:138,1
DA:139,1
DA:140,2
DA:141,1
DA:144,1
DA:148,2
DA:150,2
DA:151,1
DA:154,1
DA:156,1
DA:157,3
DA:158,3
DA:161,1
LF:72
LH:72
BRDA:46,0,0,1
BRDA:50,1,0,1
BRDA:83,2,0,1
BRDA:134,3,0,1
BRDA:140,4,0,1
BRDA:150,5,0,1
BRF:6
BRH:6
end_of_record
TN:
SF:src/starship/dto/create-starship.dto.ts
FN:5,(anonymous_0)
FNF:1
FNH:1
FNDA:1,(anonymous_0)
DA:4,2
DA:6,1
DA:7,1
DA:8,1
DA:9,1
DA:10,1
DA:11,1
LF:7
LH:7
BRF:0
BRH:0
end_of_record
TN:
SF:src/starship/dto/update-starship.dto.ts
FNF:0
FNH:0
DA:1,2
DA:2,2
DA:4,2
LF:3
LH:3
BRF:0
BRH:0
end_of_record
TN:
SF:src/starship/entities/starship.entity.ts
FN:34,(anonymous_2)
FN:26,(anonymous_3)
FN:26,(anonymous_4)
FN:30,(anonymous_5)
FNF:4
FNH:1
FNDA:4,(anonymous_2)
FNDA:0,(anonymous_3)
FNDA:0,(anonymous_4)
FNDA:0,(anonymous_5)
DA:1,4
DA:2,4
DA:5,4
DA:7,4
DA:10,4
DA:13,4
DA:16,4
DA:19,4
DA:22,4
DA:26,4
DA:30,4
DA:40,4
DA:41,4
DA:42,4
DA:43,4
LF:15
LH:15
BRF:0
BRH:0
end_of_record
